0 info it worked if it ends with ok
1 verbose cli [ '/usr/bin/node', '/usr/bin/npm', 'install', 'jquery-zoom' ]
2 info using npm@3.10.10
3 info using node@v6.11.4
4 silly loadCurrentTree Starting
5 silly install loadCurrentTree
6 silly install readLocalPackageData
7 silly fetchPackageMetaData jquery-zoom
8 silly fetchNamedPackageData jquery-zoom
9 silly mapToRegistry name jquery-zoom
10 silly mapToRegistry using default registry
11 silly mapToRegistry registry https://registry.npmjs.org/
12 silly mapToRegistry data Result {
12 silly mapToRegistry   raw: 'jquery-zoom',
12 silly mapToRegistry   scope: null,
12 silly mapToRegistry   escapedName: 'jquery-zoom',
12 silly mapToRegistry   name: 'jquery-zoom',
12 silly mapToRegistry   rawSpec: '',
12 silly mapToRegistry   spec: 'latest',
12 silly mapToRegistry   type: 'tag' }
13 silly mapToRegistry uri https://registry.npmjs.org/jquery-zoom
14 verbose request uri https://registry.npmjs.org/jquery-zoom
15 verbose request no auth needed
16 info attempt registry request try #1 at 18:10:23
17 verbose request id 9c72d0b074a00937
18 verbose etag W/"58fefab0-3687"
19 verbose lastModified Tue, 25 Apr 2017 07:28:48 GMT
20 http request GET https://registry.npmjs.org/jquery-zoom
21 info retry will retry, error on last attempt: Error: getaddrinfo EAI_AGAIN registry.npmjs.org:443
22 info attempt registry request try #2 at 18:10:53
23 verbose etag W/"58fefab0-3687"
24 verbose lastModified Tue, 25 Apr 2017 07:28:48 GMT
25 http request GET https://registry.npmjs.org/jquery-zoom
26 http 304 https://registry.npmjs.org/jquery-zoom
27 verbose headers { date: 'Wed, 11 Oct 2017 18:10:53 GMT',
27 verbose headers   via: '1.1 varnish',
27 verbose headers   'cache-control': 'max-age=300',
27 verbose headers   etag: 'W/"58fefab0-3687"',
27 verbose headers   age: '0',
27 verbose headers   connection: 'keep-alive',
27 verbose headers   'x-served-by': 'cache-lhr6341-LHR',
27 verbose headers   'x-cache': 'MISS',
27 verbose headers   'x-cache-hits': '0',
27 verbose headers   'x-timer': 'S1507745454.941483,VS0,VE28',
27 verbose headers   vary: 'Accept-Encoding, Accept' }
28 silly get cb [ 304,
28 silly get   { date: 'Wed, 11 Oct 2017 18:10:53 GMT',
28 silly get     via: '1.1 varnish',
28 silly get     'cache-control': 'max-age=300',
28 silly get     etag: 'W/"58fefab0-3687"',
28 silly get     age: '0',
28 silly get     connection: 'keep-alive',
28 silly get     'x-served-by': 'cache-lhr6341-LHR',
28 silly get     'x-cache': 'MISS',
28 silly get     'x-cache-hits': '0',
28 silly get     'x-timer': 'S1507745454.941483,VS0,VE28',
28 silly get     vary: 'Accept-Encoding, Accept' } ]
29 verbose etag https://registry.npmjs.org/jquery-zoom from cache
30 verbose get saving jquery-zoom to /home/magor/.npm/registry.npmjs.org/jquery-zoom/.cache.json
31 verbose correctMkdir /home/magor/.npm correctMkdir not in flight; initializing
32 silly install normalizeTree
33 silly loadCurrentTree Finishing
34 silly loadIdealTree Starting
35 silly install loadIdealTree
36 silly cloneCurrentTree Starting
37 silly install cloneCurrentTreeToIdealTree
38 silly cloneCurrentTree Finishing
39 silly loadShrinkwrap Starting
40 silly install loadShrinkwrap
41 silly loadShrinkwrap Finishing
42 silly loadAllDepsIntoIdealTree Starting
43 silly install loadAllDepsIntoIdealTree
44 silly rollbackFailedOptional Starting
45 silly rollbackFailedOptional Finishing
46 silly runTopLevelLifecycles Finishing
47 silly install printInstalled
48 verbose stack Error: Refusing to install jquery-zoom as a dependency of itself
48 verbose stack     at checkSelf (/usr/lib/node_modules/npm/lib/install/validate-args.js:53:14)
48 verbose stack     at Array.<anonymous> (/usr/lib/node_modules/npm/node_modules/slide/lib/bind-actor.js:15:8)
48 verbose stack     at LOOP (/usr/lib/node_modules/npm/node_modules/slide/lib/chain.js:15:14)
48 verbose stack     at chain (/usr/lib/node_modules/npm/node_modules/slide/lib/chain.js:20:5)
48 verbose stack     at /usr/lib/node_modules/npm/lib/install/validate-args.js:16:5
48 verbose stack     at /usr/lib/node_modules/npm/node_modules/slide/lib/async-map.js:52:35
48 verbose stack     at Array.forEach (native)
48 verbose stack     at /usr/lib/node_modules/npm/node_modules/slide/lib/async-map.js:52:11
48 verbose stack     at Array.forEach (native)
48 verbose stack     at asyncMap (/usr/lib/node_modules/npm/node_modules/slide/lib/async-map.js:51:8)
49 verbose cwd /opt/lampp/htdocs/ecomsite
50 error Linux 4.4.0-21-generic
51 error argv "/usr/bin/node" "/usr/bin/npm" "install" "jquery-zoom"
52 error node v6.11.4
53 error npm  v3.10.10
54 error code ENOSELF
55 error Refusing to install jquery-zoom as a dependency of itself
56 error If you need help, you may report this error at:
56 error     <https://github.com/npm/npm/issues>
57 verbose exit [ 1, true ]
